<?xml version="1.0" encoding="UTF-8"?>
<testsuites name="Test_1" time="7.162" tests="1" failures="0" errors="0">
   <testsuite name="Test_1" tests="1" failures="0" errors="0" time="7.162" skipped="0" timestamp="21-12-2023T14:01:04" hostname="Thinkpad X1 Carbon - DESKTOP-GRHCEU9" id="Test Suites/Test_1">
      <properties>
         <property name="deviceName" value=""/>
         <property name="devicePlatform" value=""/>
         <property name="logFolder" value="C:\\Users\\Thinkpad X1 Carbon\\git\\my-katalon\\Reports\\20231221_140057\\Test_1\\20231221_140057"/>
         <property name="logFiles" value="C:\\Users\\Thinkpad X1 Carbon\\git\\my-katalon\\Reports\\20231221_140057\\Test_1\\20231221_140057\\execution0.log"/>
         <property name="attachments" value=""/>
         <property name="hostName" value="Thinkpad X1 Carbon - DESKTOP-GRHCEU9"/>
         <property name="os" value="Windows 11 64bit"/>
         <property name="katalonVersion" value="9.1.0.212"/>
         <property name="browser" value="Chrome 120.0.0.0"/>
         <property name="hostAddress" value="172.19.1.72"/>
         <property name="sessionId" value="a8a037627662cdcd938ddc3508a74ef9"/>
         <property name="seleniumVersion" value="3.141.59"/>
         <property name="proxyInformation" value="ProxyInformation { proxyOption=NO_PROXY, proxyServerType=HTTP, username=, password=********, proxyServerAddress=, proxyServerPort=0, executionList=&quot;&quot;, isApplyToDesiredCapabilities=true }"/>
         <property name="platform" value="Windows 11"/>
      </properties>
      <testcase name="Test Cases/New Test Case" time="6.847" classname="Test Cases/New Test Case" status="PASSED">
         <system-out><![CDATA[21-12-2023T14:01:04 - [TEST_CASE][PASSED] - Test Cases/New Test Case: Test Cases/New Test Case

21-12-2023T14:01:05 - [TEST_STEP][PASSED] - openBrowser(""): Browser is opened with url: ''

21-12-2023T14:01:05 - [MESSAGE][INFO] - Starting 'Chrome' driver

21-12-2023T14:01:05 - [MESSAGE][INFO] - Action delay is set to 0 milliseconds

21-12-2023T14:01:07 - [MESSAGE][PASSED] - Browser is opened with url: ''

21-12-2023T14:01:07 - [TEST_STEP][PASSED] - navigateToUrl("https://katalon-demo-cura.herokuapp.com/"): Navigate to 'https://katalon-demo-cura.herokuapp.com/' successfully

21-12-2023T14:01:11 - [MESSAGE][PASSED] - Navigate to 'https://katalon-demo-cura.herokuapp.com/' successfully

21-12-2023T14:01:11 - [TEST_STEP][PASSED] - closeBrowser(): Browser is closed

21-12-2023T14:01:11 - [MESSAGE][PASSED] - Browser is closed]]></system-out>
         <system-err><![CDATA[]]></system-err>
      </testcase>
      <system-out><![CDATA[21-12-2023T14:01:04 - [TEST_SUITE][PASSED] - Test_1: Test Cases/New Test Case]]></system-out>
      <system-err><![CDATA[]]></system-err>
   </testsuite>
</testsuites>
